<?xml version="1.0" encoding="UTF-8"?>
<!-- Generated by org.testng.reporters.JUnitReportReporter -->
<testsuite skipped="0" hostname="PC335187" name="com.selenium.example.demo.TestClass" tests="1" failures="0" timestamp="20 Oct 2017 12:41:25 GMT" time="9.119" errors="0">
  <testcase name="print" time="9.119" classname="com.selenium.example.demo.TestClass"/>
</testsuite> <!-- com.selenium.example.demo.TestClass -->
