<?xml version="1.0" encoding="UTF-8"?>
<!-- Generated by org.testng.reporters.JUnitReportReporter -->
<testsuite hostname="PC335187" name="com.selenium.example.demo.TestClass" tests="1" failures="0" timestamp="23 Oct 2017 14:20:01 GMT" time="10.335" errors="0">
  <testcase name="print" time="10.335" classname="com.selenium.example.demo.TestClass"/>
</testsuite>
